<?xml version="1.0" encoding="UTF-8"?>
<testsuite xmlns:xsi="http://www.w3.org/2001/XMLSchema-instance" xsi:noNamespaceSchemaLocation="https://maven.apache.org/surefire/maven-surefire-plugin/xsd/surefire-test-report.xsd" name="tn.esprit.spring.MissionServiceImplTest" time="19.131" tests="4" errors="0" skipped="0" failures="0">
  <properties>
[...]
</properties>
  <testcase name="testaffecterMissionADepartement" classname="tn.esprit.spring.MissionServiceImplTest" time="0.139"/>
  <testcase name="testgetAllEmployeByMission" classname="tn.esprit.spring.MissionServiceImplTest" time="0.069"/>
  <testcase name="testajouterMission" classname="tn.esprit.spring.MissionServiceImplTest" time="0.027"/>
  <testcase name="testfindAllMissionByEmployeJPQL" classname="tn.esprit.spring.MissionServiceImplTest" time="0.077"/>
</testsuite>